c:\dimension\dimension\dimension\x64\release\dimension.pch
c:\dimension\dimension\dimension\x64\release\vc141.pdb
c:\dimension\dimension\dimension\x64\release\stdafx.obj
c:\dimension\dimension\dimension\x64\release\excel9.obj
c:\dimension\dimension\dimension\x64\release\dimension.obj
c:\dimension\dimension\x64\release\dimension.lib
c:\dimension\dimension\x64\release\dimension.exp
c:\dimension\dimension\x64\release\dimension.ipdb
c:\dimension\dimension\x64\release\dimension.iobj
c:\dimension\dimension\x64\release\dimension.dll
c:\dimension\dimension\x64\release\dimension.pdb
c:\dimension\dimension\dimension\x64\release\dimension.res
c:\dimension\dimension\dimension\x64\release\dimension.tlog\cl.command.1.tlog
c:\dimension\dimension\dimension\x64\release\dimension.tlog\cl.read.1.tlog
c:\dimension\dimension\dimension\x64\release\dimension.tlog\cl.write.1.tlog
c:\dimension\dimension\dimension\x64\release\dimension.tlog\dimension.write.1u.tlog
c:\dimension\dimension\dimension\x64\release\dimension.tlog\link.command.1.tlog
c:\dimension\dimension\dimension\x64\release\dimension.tlog\link.read.1.tlog
c:\dimension\dimension\dimension\x64\release\dimension.tlog\link.write.1.tlog
c:\dimension\dimension\dimension\x64\release\dimension.tlog\rc.command.1.tlog
c:\dimension\dimension\dimension\x64\release\dimension.tlog\rc.read.1.tlog
c:\dimension\dimension\dimension\x64\release\dimension.tlog\rc.write.1.tlog
